{"D:\\Trabalhos e cursos\\Escola\\mini_projeto_almoxarifado\\almoxarifado-testes\\src\\estoque.js": {"path":"D:\\Trabalhos e cursos\\Escola\\mini_projeto_almoxarifado\\almoxarifado-testes\\src\\estoque.js","statementMap":{"0":{"start":{"line":1,"column":23},"end":{"line":1,"column":61}},"1":{"start":{"line":3,"column":4},"end":{"line":3,"column":60}},"2":{"start":{"line":3,"column":47},"end":{"line":3,"column":60}},"3":{"start":{"line":4,"column":4},"end":{"line":4,"column":51}},"4":{"start":{"line":4,"column":38},"end":{"line":4,"column":51}},"5":{"start":{"line":5,"column":4},"end":{"line":5,"column":71}},"6":{"start":{"line":5,"column":58},"end":{"line":5,"column":71}},"7":{"start":{"line":6,"column":4},"end":{"line":6,"column":51}},"8":{"start":{"line":6,"column":38},"end":{"line":6,"column":51}},"9":{"start":{"line":7,"column":4},"end":{"line":7,"column":16}},"10":{"start":{"line":9,"column":0},"end":{"line":9,"column":49}}},"fnMap":{"0":{"name":"podeRetirar","decl":{"start":{"line":2,"column":9},"end":{"line":2,"column":20}},"loc":{"start":{"line":2,"column":39},"end":{"line":8,"column":1}},"line":2}},"branchMap":{"0":{"loc":{"start":{"line":3,"column":4},"end":{"line":3,"column":60}},"type":"if","locations":[{"start":{"line":3,"column":4},"end":{"line":3,"column":60}},{"start":{},"end":{}}],"line":3},"1":{"loc":{"start":{"line":4,"column":4},"end":{"line":4,"column":51}},"type":"if","locations":[{"start":{"line":4,"column":4},"end":{"line":4,"column":51}},{"start":{},"end":{}}],"line":4},"2":{"loc":{"start":{"line":5,"column":4},"end":{"line":5,"column":71}},"type":"if","locations":[{"start":{"line":5,"column":4},"end":{"line":5,"column":71}},{"start":{},"end":{}}],"line":5},"3":{"loc":{"start":{"line":5,"column":8},"end":{"line":5,"column":56}},"type":"binary-expr","locations":[{"start":{"line":5,"column":8},"end":{"line":5,"column":37}},{"start":{"line":5,"column":41},"end":{"line":5,"column":56}}],"line":5},"4":{"loc":{"start":{"line":6,"column":4},"end":{"line":6,"column":51}},"type":"if","locations":[{"start":{"line":6,"column":4},"end":{"line":6,"column":51}},{"start":{},"end":{}}],"line":6}},"s":{"0":1,"1":6,"2":0,"3":6,"4":1,"5":5,"6":2,"7":3,"8":1,"9":2,"10":1},"f":{"0":6},"b":{"0":[0,6],"1":[1,5],"2":[2,3],"3":[5,5],"4":[1,2]},"_coverageSchema":"1a1c01bbd47fc00a2c39e90264f33305004495a9","hash":"417a344d287883a3fc3afbf04d796cda00a20d14"}
}
